<?xml version="1.0" encoding="UTF-8"?>
<testng-results skipped="0" failed="0" ignored="0" total="1" passed="1">
  <reporter-output>
  </reporter-output>
  <suite name="Default suite" duration-ms="11724" started-at="2022-06-02T22:26:28 IST" finished-at="2022-06-02T22:26:40 IST">
    <groups>
    </groups>
    <test name="Default test" duration-ms="11724" started-at="2022-06-02T22:26:28 IST" finished-at="2022-06-02T22:26:40 IST">
      <class name="MultipleBrowsertest">
        <test-method status="PASS" signature="test1()[pri:0, instance:MultipleBrowsertest@27a8c74e]" name="test1" duration-ms="11575" started-at="2022-06-02T22:26:28 IST" finished-at="2022-06-02T22:26:40 IST">
          <reporter-output>
          </reporter-output>
        </test-method> <!-- test1 -->
      </class> <!-- MultipleBrowsertest -->
    </test> <!-- Default test -->
  </suite> <!-- Default suite -->
</testng-results>
