<?xml version="1.0" encoding="UTF-8"?>
<testng-results skipped="0" failed="0" ignored="0" total="2" passed="2">
  <reporter-output>
  </reporter-output>
  <suite name="Default suite" duration-ms="38173" started-at="2022-06-07T21:52:36 IST" finished-at="2022-06-07T21:53:14 IST">
    <groups>
    </groups>
    <test name="Default test" duration-ms="38173" started-at="2022-06-07T21:52:36 IST" finished-at="2022-06-07T21:53:14 IST">
      <class name="PriorityExample">
        <test-method status="PASS" signature="Two()[pri:0, instance:PriorityExample@27a8c74e]" name="Two" duration-ms="24389" started-at="2022-06-07T21:52:36 IST" finished-at="2022-06-07T21:53:00 IST">
          <reporter-output>
          </reporter-output>
        </test-method> <!-- Two -->
        <test-method status="PASS" signature="One()[pri:1, instance:PriorityExample@27a8c74e]" name="One" duration-ms="13698" started-at="2022-06-07T21:53:00 IST" finished-at="2022-06-07T21:53:14 IST">
          <reporter-output>
          </reporter-output>
        </test-method> <!-- One -->
      </class> <!-- PriorityExample -->
    </test> <!-- Default test -->
  </suite> <!-- Default suite -->
</testng-results>
